2026-01-28 01:17:43,317 | INFO | Logging initialized
2026-01-28 01:17:43,317 | INFO | Log file: /home/vault/b192aa/b192aa44/cardio_project/outputs/logs/run_20260128_011743.log
2026-01-28 01:17:43,317 | INFO | Base directory: /home/vault/b192aa/b192aa44/cardio_project
2026-01-28 01:17:43,317 | INFO | Running on HPC: True
2026-01-28 01:17:43,660 | INFO | Loaded model-ready artifacts from /home/vault/b192aa/b192aa44/cardio_project/processed
2026-01-28 01:17:43,660 | INFO | X_train shape: (247083, 29)
2026-01-28 01:17:43,660 | INFO | X_test shape: (61771, 29)
2026-01-28 01:17:43,661 | INFO | Optimizing Logistic Regression (sequential trials)...
2026-01-28 02:10:26,970 | INFO | Optimizing XGBoost (sequential trials)...
2026-01-28 02:19:50,236 | INFO | Optimizing CatBoost (sequential trials)...
2026-01-28 02:44:42,544 | INFO | Best PR-AUC (LR): 0.3073 | Log Loss: 0.5122
2026-01-28 02:44:42,545 | INFO | Best PR-AUC (XGB): 0.3096 | Log Loss: 0.5043
2026-01-28 02:44:42,545 | INFO | Best PR-AUC (CAT): 0.3097 | Log Loss: 0.5024
2026-01-28 02:44:42,546 | INFO | Training Logistic Regression (Tuned)...
2026-01-28 02:44:44,222 | INFO | Training XGBoost (Tuned)...
2026-01-28 02:44:45,208 | INFO | Training CatBoost (Tuned, OHE)...
2026-01-28 02:44:48,889 | INFO | 
[METRICS] Classification Report for Logistic Regression (Tuned) (Threshold: 0.4412):
              precision    recall  f1-score   support

  No Disease     0.9810    0.6808    0.8038     56777
     Disease     0.1898    0.8502    0.3104      4994

    accuracy                         0.6945     61771
   macro avg     0.5854    0.7655    0.5571     61771
weighted avg     0.9171    0.6945    0.7639     61771

2026-01-28 02:44:48,941 | INFO | 
[METRICS] Classification Report for XGBoost (Tuned) (Threshold: 0.4606):
              precision    recall  f1-score   support

  No Disease     0.9811    0.6860    0.8075     56777
     Disease     0.1923    0.8500    0.3137      4994

    accuracy                         0.6993     61771
   macro avg     0.5867    0.7680    0.5606     61771
weighted avg     0.9174    0.6993    0.7675     61771

2026-01-28 02:44:48,993 | INFO | 
[METRICS] Classification Report for CatBoost (Tuned, OHE) (Threshold: 0.4507):
              precision    recall  f1-score   support

  No Disease     0.9811    0.6842    0.8061     56777
     Disease     0.1914    0.8500    0.3125      4994

    accuracy                         0.6976     61771
   macro avg     0.5862    0.7671    0.5593     61771
weighted avg     0.9172    0.6976    0.7662     61771

2026-01-28 02:45:07,592 | INFO | Overall winner (calibrated): Calibrated CatBoost (Tuned, OHE)
2026-01-28 02:45:07,605 | INFO | 
[FINAL RESULTS] Classification Report for Calibrated CatBoost (Tuned, OHE):
2026-01-28 02:45:07,605 | INFO | Using Clinical Threshold: 0.0719
2026-01-28 02:45:07,605 | INFO | 
              precision    recall  f1-score   support

  No Disease     0.9811    0.6811    0.8040     56777
     Disease     0.1900    0.8506    0.3106      4994

    accuracy                         0.6948     61771
   macro avg     0.5855    0.7658    0.5573     61771
weighted avg     0.9171    0.6948    0.7641     61771

2026-01-28 02:45:08,186 | INFO | Saved plot: /home/vault/b192aa/b192aa44/cardio_project/outputs/plots/calibration_curve_20260128_024507.png
2026-01-28 02:45:08,432 | INFO | Saved plot: /home/vault/b192aa/b192aa44/cardio_project/outputs/plots/roc_curve_20260128_024508.png
2026-01-28 02:45:08,692 | INFO | Saved plot: /home/vault/b192aa/b192aa44/cardio_project/outputs/plots/precision_recall_curve_20260128_024508.png
2026-01-28 02:45:08,948 | INFO | Saved plot: /home/vault/b192aa/b192aa44/cardio_project/outputs/plots/confusion_matrix_20260128_024508.png
2026-01-28 02:45:09,000 | INFO | Saved model artifact: /home/vault/b192aa/b192aa44/cardio_project/outputs/models/best_model.joblib
2026-01-28 02:45:09,000 | INFO | Saved metadata: /home/vault/b192aa/b192aa44/cardio_project/outputs/models/metadata.json
